#
# There is insufficient memory for the Java Runtime Environment to continue.
# Native memory allocation (malloc) failed to allocate 32744 bytes for ChunkPool::allocate
# Possible reasons:
#   The system is out of physical RAM or swap space
#   The process is running with CompressedOops enabled, and the Java Heap may be blocking the growth of the native heap
# Possible solutions:
#   Reduce memory load on the system
#   Increase physical memory or swap space
#   Check if swap backing store is full
#   Decrease Java heap size (-Xmx/-Xms)
#   Decrease number of Java threads
#   Decrease Java thread stack sizes (-Xss)
#   Set larger code cache with -XX:ReservedCodeCacheSize=
#   JVM is running with Unscaled Compressed Oops mode in which the Java heap is
#     placed in the first 4GB address space. The Java Heap base address is the
#     maximum limit for the native heap growth. Please use -XX:HeapBaseMinAddress
#     to set the Java Heap base and to place the Java Heap above 4GB virtual address.
# This output file may be truncated or incomplete.
#
#  Out of Memory Error (allocation.cpp:272), pid=7828, tid=0x0000000000005338
#
# JRE version: Java(TM) SE Runtime Environment (8.0_291-b10) (build 1.8.0_291-b10)
# Java VM: Java HotSpot(TM) 64-Bit Server VM (25.291-b10 mixed mode windows-amd64 compressed oops)
# Failed to write core dump. Minidumps are not enabled by default on client versions of Windows
#

---------------  T H R E A D  ---------------

Current thread (0x0000020d61b25000):  JavaThread "C1 CompilerThread2" daemon [_thread_in_native, id=21304, stack(0x0000006e5b400000,0x0000006e5b500000)]

Stack: [0x0000006e5b400000,0x0000006e5b500000]
Native frames: (J=compiled Java code, j=interpreted, Vv=VM code, C=native code)
V  [jvm.dll+0x32ea19]
V  [jvm.dll+0x275462]
V  [jvm.dll+0x27610d]
V  [jvm.dll+0x26cb45]
V  [jvm.dll+0xd56ed]
V  [jvm.dll+0xd5a4c]
V  [jvm.dll+0x3f7d4f]
V  [jvm.dll+0x3fe1d3]
V  [jvm.dll+0x400c08]
V  [jvm.dll+0x40117e]
V  [jvm.dll+0x3f9065]
V  [jvm.dll+0x3f84e3]
V  [jvm.dll+0x401e4b]
V  [jvm.dll+0x3f966f]
V  [jvm.dll+0x3fd113]
V  [jvm.dll+0x3e0a3f]
V  [jvm.dll+0x3e02ad]
V  [jvm.dll+0x3e048e]
V  [jvm.dll+0x3dfbe1]
V  [jvm.dll+0x3e161f]
V  [jvm.dll+0xabeeb]
V  [jvm.dll+0xaa54b]
V  [jvm.dll+0x23db02]
V  [jvm.dll+0x29210c]
C  [ucrtbase.dll+0x26c0c]
C  [KERNEL32.DLL+0x154e0]
C  [ntdll.dll+0x485b]


Current CompileTask:
C1:   8145 3523       1       sun.misc.ProxyGenerator$ProxyMethod::generateMethod (733 bytes)


---------------  P R O C E S S  ---------------

Java Threads: ( => current thread )
  0x0000020d61d9a800 JavaThread "mysql-cj-abandoned-connection-cleanup" daemon [_thread_blocked, id=19188, stack(0x0000006e5bc00000,0x0000006e5bd00000)]
  0x0000020d621c0000 JavaThread "RMI Scheduler(0)" daemon [_thread_blocked, id=23132, stack(0x0000006e5bb00000,0x0000006e5bc00000)]
  0x0000020d621c4000 JavaThread "RMI TCP Connection(1)-172.30.160.1" daemon [_thread_in_native, id=3020, stack(0x0000006e5ba00000,0x0000006e5bb00000)]
  0x0000020d61b05800 JavaThread "restartedMain" [_thread_in_vm, id=19500, stack(0x0000006e5b900000,0x0000006e5ba00000)]
  0x0000020d61b03800 JavaThread "Thread-1" [_thread_blocked, id=16560, stack(0x0000006e5b800000,0x0000006e5b900000)]
  0x0000020d61e0a000 JavaThread "RMI TCP Accept-0" daemon [_thread_in_native, id=6068, stack(0x0000006e5b600000,0x0000006e5b700000)]
  0x0000020d61bb4800 JavaThread "Service Thread" daemon [_thread_blocked, id=3244, stack(0x0000006e5b500000,0x0000006e5b600000)]
=>0x0000020d61b25000 JavaThread "C1 CompilerThread2" daemon [_thread_in_native, id=21304, stack(0x0000006e5b400000,0x0000006e5b500000)]
  0x0000020d61b11000 JavaThread "C2 CompilerThread1" daemon [_thread_blocked, id=17544, stack(0x0000006e5b300000,0x0000006e5b400000)]
  0x0000020d61b0f000 JavaThread "C2 CompilerThread0" daemon [_thread_blocked, id=21980, stack(0x0000006e5b200000,0x0000006e5b300000)]
  0x0000020d61ac7000 JavaThread "Monitor Ctrl-Break" daemon [_thread_in_native, id=21152, stack(0x0000006e5b100000,0x0000006e5b200000)]
  0x0000020d60533800 JavaThread "Attach Listener" daemon [_thread_blocked, id=9296, stack(0x0000006e5b000000,0x0000006e5b100000)]
  0x0000020d60532800 JavaThread "Signal Dispatcher" daemon [_thread_blocked, id=23644, stack(0x0000006e5af00000,0x0000006e5b000000)]
  0x0000020d60513800 JavaThread "Finalizer" daemon [_thread_blocked, id=19364, stack(0x0000006e5ae00000,0x0000006e5af00000)]
  0x0000020d6050c800 JavaThread "Reference Handler" daemon [_thread_blocked, id=16484, stack(0x0000006e5ad00000,0x0000006e5ae00000)]
  0x0000020d4a633000 JavaThread "main" [_thread_blocked, id=2288, stack(0x0000006e5a700000,0x0000006e5a800000)]

Other Threads:
  0x0000020d604e2000 VMThread [stack: 0x0000006e5ac00000,0x0000006e5ad00000] [id=22028]
  0x0000020d61e11800 WatcherThread [stack: 0x0000006e5b700000,0x0000006e5b800000] [id=6544]

VM state:not at safepoint (normal execution)

VM Mutex/Monitor currently owned by a thread: None

heap address: 0x0000000084a00000, size: 1974 MB, Compressed Oops mode: 32-bit
Narrow klass base: 0x0000000000000000, Narrow klass shift: 3
Compressed class space size: 1073741824 Address: 0x0000000100000000

Heap:
 PSYoungGen      total 324096K, used 22914K [0x00000000d6e00000, 0x00000000ebc80000, 0x0000000100000000)
  eden space 311808K, 7% used [0x00000000d6e00000,0x00000000d8460938,0x00000000e9e80000)
  from space 12288K, 0% used [0x00000000eb080000,0x00000000eb080000,0x00000000ebc80000)
  to   space 15360K, 0% used [0x00000000e9e80000,0x00000000e9e80000,0x00000000ead80000)
 ParOldGen       total 70144K, used 15100K [0x0000000084a00000, 0x0000000088e80000, 0x00000000d6e00000)
  object space 70144K, 21% used [0x0000000084a00000,0x00000000858bf0e0,0x0000000088e80000)
 Metaspace       used 35661K, capacity 38003K, committed 38272K, reserved 1081344K
  class space    used 4930K, capacity 5392K, committed 5504K, reserved 1048576K

Card table byte_map: [0x0000020d5b320000,0x0000020d5b700000] byte_map_base: 0x0000020d5aefb000

Marking Bits: (ParMarkBitMap*) 0x0000000070c17fe0
 Begin Bits: [0x0000020d5b9a0000, 0x0000020d5d878000)
 End Bits:   [0x0000020d5d878000, 0x0000020d5f750000)

Polling page: 0x0000020d4a580000

CodeCache: size=245760Kb used=7068Kb max_used=7068Kb free=238691Kb
 bounds [0x0000020d4bf60000, 0x0000020d4c650000, 0x0000020d5af60000]
 total_blobs=3954 nmethods=3522 adapters=344
 compilation: enabled

Compilation events (10 events):
Event: 7.978 Thread 0x0000020d61b25000 nmethod 3518 0x0000020d4c645a10 code [0x0000020d4c645b60, 0x0000020d4c645cb0]
Event: 7.978 Thread 0x0000020d61b25000 3519       1       java.io.ObjectInputStream$BlockDataInputStream::readLong (76 bytes)
Event: 7.979 Thread 0x0000020d61b25000 nmethod 3519 0x0000020d4c645d50 code [0x0000020d4c645ec0, 0x0000020d4c646090]
Event: 7.979 Thread 0x0000020d61b25000 3520       1       java.io.ObjectOutputStream::writeShort (9 bytes)
Event: 7.979 Thread 0x0000020d61b25000 nmethod 3520 0x0000020d4c646190 code [0x0000020d4c6462e0, 0x0000020d4c646430]
Event: 8.019 Thread 0x0000020d61b25000 3521       1       java.lang.invoke.MethodHandle::bindTo (19 bytes)
Event: 8.020 Thread 0x0000020d61b25000 nmethod 3521 0x0000020d4c6464d0 code [0x0000020d4c646680, 0x0000020d4c6469d0]
Event: 8.020 Thread 0x0000020d61b25000 3522       1       java.lang.invoke.MethodType::leadingReferenceParameter (30 bytes)
Event: 8.020 Thread 0x0000020d61b25000 nmethod 3522 0x0000020d4c646c90 code [0x0000020d4c646e00, 0x0000020d4c647020]
Event: 8.078 Thread 0x0000020d61b25000 3523       1       sun.misc.ProxyGenerator$ProxyMethod::generateMethod (733 bytes)

GC Heap History (10 events):
Event: 6.713 GC heap before
{Heap before GC invocations=9 (full 1):
 PSYoungGen      total 136704K, used 135968K [0x00000000d6e00000, 0x00000000e5f80000, 0x0000000100000000)
  eden space 126976K, 100% used [0x00000000d6e00000,0x00000000dea00000,0x00000000dea00000)
  from space 9728K, 92% used [0x00000000dea00000,0x00000000df2c8148,0x00000000df380000)
  to   space 10752K, 0% used [0x00000000e5500000,0x00000000e5500000,0x00000000e5f80000)
 ParOldGen       total 48128K, used 6310K [0x0000000084a00000, 0x0000000087900000, 0x00000000d6e00000)
  object space 48128K, 13% used [0x0000000084a00000,0x0000000085029870,0x0000000087900000)
 Metaspace       used 29649K, capacity 31254K, committed 31488K, reserved 1077248K
  class space    used 4168K, capacity 4504K, committed 4608K, reserved 1048576K
Event: 6.734 GC heap after
Heap after GC invocations=9 (full 1):
 PSYoungGen      total 231424K, used 10743K [0x00000000d6e00000, 0x00000000e6080000, 0x0000000100000000)
  eden space 220672K, 0% used [0x00000000d6e00000,0x00000000d6e00000,0x00000000e4580000)
  from space 10752K, 99% used [0x00000000e5500000,0x00000000e5f7dc30,0x00000000e5f80000)
  to   space 13824K, 0% used [0x00000000e4580000,0x00000000e4580000,0x00000000e5300000)
 ParOldGen       total 48128K, used 10141K [0x0000000084a00000, 0x0000000087900000, 0x00000000d6e00000)
  object space 48128K, 21% used [0x0000000084a00000,0x00000000853e7758,0x0000000087900000)
 Metaspace       used 29649K, capacity 31254K, committed 31488K, reserved 1077248K
  class space    used 4168K, capacity 4504K, committed 4608K, reserved 1048576K
}
Event: 7.345 GC heap before
{Heap before GC invocations=10 (full 1):
 PSYoungGen      total 231424K, used 129171K [0x00000000d6e00000, 0x00000000e6080000, 0x0000000100000000)
  eden space 220672K, 53% used [0x00000000d6e00000,0x00000000de1a7300,0x00000000e4580000)
  from space 10752K, 99% used [0x00000000e5500000,0x00000000e5f7dc30,0x00000000e5f80000)
  to   space 13824K, 0% used [0x00000000e4580000,0x00000000e4580000,0x00000000e5300000)
 ParOldGen       total 48128K, used 10141K [0x0000000084a00000, 0x0000000087900000, 0x00000000d6e00000)
  object space 48128K, 21% used [0x0000000084a00000,0x00000000853e7758,0x0000000087900000)
 Metaspace       used 33148K, capacity 35294K, committed 35416K, reserved 1079296K
  class space    used 4591K, capacity 5022K, committed 5120K, reserved 1048576K
Event: 7.363 GC heap after
Heap after GC invocations=10 (full 1):
 PSYoungGen      total 234496K, used 11114K [0x00000000d6e00000, 0x00000000ebf00000, 0x0000000100000000)
  eden space 220672K, 0% used [0x00000000d6e00000,0x00000000d6e00000,0x00000000e4580000)
  from space 13824K, 80% used [0x00000000e4580000,0x00000000e505abb0,0x00000000e5300000)
  to   space 14848K, 0% used [0x00000000eb080000,0x00000000eb080000,0x00000000ebf00000)
 ParOldGen       total 48128K, used 10149K [0x0000000084a00000, 0x0000000087900000, 0x00000000d6e00000)
  object space 48128K, 21% used [0x0000000084a00000,0x00000000853e9758,0x0000000087900000)
 Metaspace       used 33148K, capacity 35294K, committed 35416K, reserved 1079296K
  class space    used 4591K, capacity 5022K, committed 5120K, reserved 1048576K
}
Event: 7.363 GC heap before
{Heap before GC invocations=11 (full 2):
 PSYoungGen      total 234496K, used 11114K [0x00000000d6e00000, 0x00000000ebf00000, 0x0000000100000000)
  eden space 220672K, 0% used [0x00000000d6e00000,0x00000000d6e00000,0x00000000e4580000)
  from space 13824K, 80% used [0x00000000e4580000,0x00000000e505abb0,0x00000000e5300000)
  to   space 14848K, 0% used [0x00000000eb080000,0x00000000eb080000,0x00000000ebf00000)
 ParOldGen       total 48128K, used 10149K [0x0000000084a00000, 0x0000000087900000, 0x00000000d6e00000)
  object space 48128K, 21% used [0x0000000084a00000,0x00000000853e9758,0x0000000087900000)
 Metaspace       used 33148K, capacity 35294K, committed 35416K, reserved 1079296K
  class space    used 4591K, capacity 5022K, committed 5120K, reserved 1048576K
Event: 7.432 GC heap after
Heap after GC invocations=11 (full 2):
 PSYoungGen      total 234496K, used 0K [0x00000000d6e00000, 0x00000000ebf00000, 0x0000000100000000)
  eden space 220672K, 0% used [0x00000000d6e00000,0x00000000d6e00000,0x00000000e4580000)
  from space 13824K, 0% used [0x00000000e4580000,0x00000000e4580000,0x00000000e5300000)
  to   space 14848K, 0% used [0x00000000eb080000,0x00000000eb080000,0x00000000ebf00000)
 ParOldGen       total 70144K, used 16349K [0x0000000084a00000, 0x0000000088e80000, 0x00000000d6e00000)
  object space 70144K, 23% used [0x0000000084a00000,0x00000000859f7698,0x0000000088e80000)
 Metaspace       used 33148K, capacity 35294K, committed 35416K, reserved 1079296K
  class space    used 4591K, capacity 5022K, committed 5120K, reserved 1048576K
}
Event: 7.627 GC heap before
{Heap before GC invocations=12 (full 2):
 PSYoungGen      total 234496K, used 21308K [0x00000000d6e00000, 0x00000000ebf00000, 0x0000000100000000)
  eden space 220672K, 9% used [0x00000000d6e00000,0x00000000d82cf378,0x00000000e4580000)
  from space 13824K, 0% used [0x00000000e4580000,0x00000000e4580000,0x00000000e5300000)
  to   space 14848K, 0% used [0x00000000eb080000,0x00000000eb080000,0x00000000ebf00000)
 ParOldGen       total 70144K, used 16349K [0x0000000084a00000, 0x0000000088e80000, 0x00000000d6e00000)
  object space 70144K, 23% used [0x0000000084a00000,0x00000000859f7698,0x0000000088e80000)
 Metaspace       used 33651K, capacity 35895K, committed 36096K, reserved 1081344K
  class space    used 4689K, capacity 5120K, committed 5120K, reserved 1048576K
Event: 7.634 GC heap after
Heap after GC invocations=12 (full 2):
 PSYoungGen      total 324096K, used 1292K [0x00000000d6e00000, 0x00000000ebc80000, 0x0000000100000000)
  eden space 311808K, 0% used [0x00000000d6e00000,0x00000000d6e00000,0x00000000e9e80000)
  from space 12288K, 10% used [0x00000000eb080000,0x00000000eb1c32e0,0x00000000ebc80000)
  to   space 15360K, 0% used [0x00000000e9e80000,0x00000000e9e80000,0x00000000ead80000)
 ParOldGen       total 70144K, used 16349K [0x0000000084a00000, 0x0000000088e80000, 0x00000000d6e00000)
  object space 70144K, 23% used [0x0000000084a00000,0x00000000859f7698,0x0000000088e80000)
 Metaspace       used 33651K, capacity 35895K, committed 36096K, reserved 1081344K
  class space    used 4689K, capacity 5120K, committed 5120K, reserved 1048576K
}
Event: 7.634 GC heap before
{Heap before GC invocations=13 (full 3):
 PSYoungGen      total 324096K, used 1292K [0x00000000d6e00000, 0x00000000ebc80000, 0x0000000100000000)
  eden space 311808K, 0% used [0x00000000d6e00000,0x00000000d6e00000,0x00000000e9e80000)
  from space 12288K, 10% used [0x00000000eb080000,0x00000000eb1c32e0,0x00000000ebc80000)
  to   space 15360K, 0% used [0x00000000e9e80000,0x00000000e9e80000,0x00000000ead80000)
 ParOldGen       total 70144K, used 16349K [0x0000000084a00000, 0x0000000088e80000, 0x00000000d6e00000)
  object space 70144K, 23% used [0x0000000084a00000,0x00000000859f7698,0x0000000088e80000)
 Metaspace       used 33651K, capacity 35895K, committed 36096K, reserved 1081344K
  class space    used 4689K, capacity 5120K, committed 5120K, reserved 1048576K
Event: 7.811 GC heap after
Heap after GC invocations=13 (full 3):
 PSYoungGen      total 324096K, used 0K [0x00000000d6e00000, 0x00000000ebc80000, 0x0000000100000000)
  eden space 311808K, 0% used [0x00000000d6e00000,0x00000000d6e00000,0x00000000e9e80000)
  from space 12288K, 0% used [0x00000000eb080000,0x00000000eb080000,0x00000000ebc80000)
  to   space 15360K, 0% used [0x00000000e9e80000,0x00000000e9e80000,0x00000000ead80000)
 ParOldGen       total 70144K, used 15100K [0x0000000084a00000, 0x0000000088e80000, 0x00000000d6e00000)
  object space 70144K, 21% used [0x0000000084a00000,0x00000000858bf0e0,0x0000000088e80000)
 Metaspace       used 33651K, capacity 35895K, committed 36096K, reserved 1081344K
  class space    used 4689K, capacity 5120K, committed 5120K, reserved 1048576K
}

Deoptimization events (0 events):
No events

Classes redefined (0 events):
No events

Internal exceptions (10 events):
Event: 7.584 Thread 0x0000020d61b05800 Exception <a 'java/lang/ArrayIndexOutOfBoundsException'> (0x00000000d797a230) thrown at [C:\jenkins\workspace\8-2-build-windows-amd64-cygwin\jdk8u291\1294\hotspot\src\share\vm\runtime\sharedRuntime.cpp, line 609]
Event: 7.585 Thread 0x0000020d61b05800 Exception <a 'java/lang/ArrayIndexOutOfBoundsException'> (0x00000000d79a81a8) thrown at [C:\jenkins\workspace\8-2-build-windows-amd64-cygwin\jdk8u291\1294\hotspot\src\share\vm\runtime\sharedRuntime.cpp, line 609]
Event: 7.622 Thread 0x0000020d61b05800 Exception <a 'java/lang/ArrayIndexOutOfBoundsException'> (0x00000000d7fe7a88) thrown at [C:\jenkins\workspace\8-2-build-windows-amd64-cygwin\jdk8u291\1294\hotspot\src\share\vm\runtime\sharedRuntime.cpp, line 609]
Event: 7.623 Thread 0x0000020d61b05800 Exception <a 'java/lang/ArrayIndexOutOfBoundsException'> (0x00000000d80049d0) thrown at [C:\jenkins\workspace\8-2-build-windows-amd64-cygwin\jdk8u291\1294\hotspot\src\share\vm\runtime\sharedRuntime.cpp, line 609]
Event: 7.818 Thread 0x0000020d61b05800 Exception <a 'java/lang/ArrayIndexOutOfBoundsException'> (0x00000000d6e421c0) thrown at [C:\jenkins\workspace\8-2-build-windows-amd64-cygwin\jdk8u291\1294\hotspot\src\share\vm\runtime\sharedRuntime.cpp, line 609]
Event: 7.821 Thread 0x0000020d61b05800 Exception <a 'java/lang/ArrayIndexOutOfBoundsException'> (0x00000000d6e7e5d0) thrown at [C:\jenkins\workspace\8-2-build-windows-amd64-cygwin\jdk8u291\1294\hotspot\src\share\vm\runtime\sharedRuntime.cpp, line 609]
Event: 7.822 Thread 0x0000020d61b05800 Exception <a 'java/lang/ArrayIndexOutOfBoundsException'> (0x00000000d6e96ba0) thrown at [C:\jenkins\workspace\8-2-build-windows-amd64-cygwin\jdk8u291\1294\hotspot\src\share\vm\runtime\sharedRuntime.cpp, line 609]
Event: 7.833 Thread 0x0000020d61b05800 Exception <a 'java/lang/ArrayIndexOutOfBoundsException'> (0x00000000d6f1b548) thrown at [C:\jenkins\workspace\8-2-build-windows-amd64-cygwin\jdk8u291\1294\hotspot\src\share\vm\runtime\sharedRuntime.cpp, line 609]
Event: 7.979 Thread 0x0000020d621c4000 Exception <a 'java/lang/reflect/InvocationTargetException'> (0x00000000d7d2e688) thrown at [C:\jenkins\workspace\8-2-build-windows-amd64-cygwin\jdk8u291\1294\hotspot\src\share\vm\runtime\reflection.cpp, line 1092]
Event: 8.038 Thread 0x0000020d61b05800 Exception <a 'java/lang/ClassNotFoundException': java/lang/Module> (0x00000000d7f73868) thrown at [C:\jenkins\workspace\8-2-build-windows-amd64-cygwin\jdk8u291\1294\hotspot\src\share\vm\classfile\systemDictionary.cpp, line 212]

Events (10 events):
Event: 8.081 loading class net/bytebuddy/implementation/bind/ParameterLengthResolver
Event: 8.081 loading class net/bytebuddy/implementation/bind/ParameterLengthResolver done
Event: 8.081 loading class net/bytebuddy/implementation/bind/MethodDelegationBinder$AmbiguityResolver$NoOp
Event: 8.081 loading class net/bytebuddy/implementation/bind/MethodDelegationBinder$AmbiguityResolver$NoOp done
Event: 8.083 loading class net/bytebuddy/implementation/bind/annotation/TargetMethodAnnotationDrivenBinder$ParameterBinder
Event: 8.083 loading class net/bytebuddy/implementation/bind/annotation/TargetMethodAnnotationDrivenBinder$ParameterBinder done
Event: 8.084 loading class net/bytebuddy/implementation/bind/annotation/Argument$Binder
Event: 8.084 loading class net/bytebuddy/implementation/bind/annotation/Argument$Binder done
Event: 8.085 loading class net/bytebuddy/implementation/bind/annotation/Argument
Event: 8.085 loading class net/bytebuddy/implementation/bind/annotation/Argument done


Dynamic libraries:
0x00007ff73ccc0000 - 0x00007ff73cd07000 	C:\Program Files\Java\jdk1.8.0_291\bin\java.exe
0x00007fff75120000 - 0x00007fff75327000 	C:\WINDOWS\SYSTEM32\ntdll.dll
0x00007fff74ac0000 - 0x00007fff74b7d000 	C:\WINDOWS\System32\KERNEL32.DLL
0x00007fff72910000 - 0x00007fff72c84000 	C:\WINDOWS\System32\KERNELBASE.dll
0x00007fff74d90000 - 0x00007fff74e3e000 	C:\WINDOWS\System32\ADVAPI32.dll
0x00007fff74f50000 - 0x00007fff74ff3000 	C:\WINDOWS\System32\msvcrt.dll
0x00007fff74900000 - 0x00007fff7499e000 	C:\WINDOWS\System32\sechost.dll
0x00007fff749a0000 - 0x00007fff74ac0000 	C:\WINDOWS\System32\RPCRT4.dll
0x00007fff74b80000 - 0x00007fff74d2c000 	C:\WINDOWS\System32\USER32.dll
0x00007fff72c90000 - 0x00007fff72cb6000 	C:\WINDOWS\System32\win32u.dll
0x00007fff73000000 - 0x00007fff73029000 	C:\WINDOWS\System32\GDI32.dll
0x00007fff72e00000 - 0x00007fff72f12000 	C:\WINDOWS\System32\gdi32full.dll
0x00007fff725e0000 - 0x00007fff7267d000 	C:\WINDOWS\System32\msvcp_win.dll
0x00007fff727f0000 - 0x00007fff72901000 	C:\WINDOWS\System32\ucrtbase.dll
0x00007fff62530000 - 0x00007fff627d5000 	C:\WINDOWS\WinSxS\amd64_microsoft.windows.common-controls_6595b64144ccf1df_6.0.22000.120_none_9d947278b86cc467\COMCTL32.dll
0x00007fff75070000 - 0x00007fff750a1000 	C:\WINDOWS\System32\IMM32.DLL
0x00007fff67280000 - 0x00007fff67295000 	C:\Program Files\Java\jdk1.8.0_291\jre\bin\vcruntime140.dll
0x00007fff61520000 - 0x00007fff615bb000 	C:\Program Files\Java\jdk1.8.0_291\jre\bin\msvcp140.dll
0x0000000070430000 - 0x0000000070c90000 	C:\Program Files\Java\jdk1.8.0_291\jre\bin\server\jvm.dll
0x00007fff73f30000 - 0x00007fff73f38000 	C:\WINDOWS\System32\PSAPI.DLL
0x00007fff562e0000 - 0x00007fff562e9000 	C:\WINDOWS\SYSTEM32\WSOCK32.dll
0x00007fff731a0000 - 0x00007fff7320f000 	C:\WINDOWS\System32\WS2_32.dll
0x00007fff5ea10000 - 0x00007fff5ea1a000 	C:\WINDOWS\SYSTEM32\VERSION.dll
0x00007fff643c0000 - 0x00007fff643f3000 	C:\WINDOWS\SYSTEM32\WINMM.dll
0x00007fff717d0000 - 0x00007fff717e8000 	C:\WINDOWS\SYSTEM32\kernel.appcore.dll
0x00007fff67270000 - 0x00007fff67280000 	C:\Program Files\Java\jdk1.8.0_291\jre\bin\verify.dll
0x00007fff61c40000 - 0x00007fff61c6b000 	C:\Program Files\Java\jdk1.8.0_291\jre\bin\java.dll
0x00007fff61bf0000 - 0x00007fff61c20000 	C:\Program Files\Java\jdk1.8.0_291\jre\bin\instrument.dll
0x00007fff62930000 - 0x00007fff62948000 	C:\Program Files\Java\jdk1.8.0_291\jre\bin\zip.dll
0x00007fff74030000 - 0x00007fff747de000 	C:\WINDOWS\System32\SHELL32.dll
0x00007fff70760000 - 0x00007fff70fc7000 	C:\WINDOWS\SYSTEM32\windows.storage.dll
0x00007fff736e0000 - 0x00007fff73a58000 	C:\WINDOWS\System32\combase.dll
0x00007fff705f0000 - 0x00007fff70756000 	C:\WINDOWS\SYSTEM32\wintypes.dll
0x00007fff74e60000 - 0x00007fff74f4a000 	C:\WINDOWS\System32\SHCORE.dll
0x00007fff73ed0000 - 0x00007fff73f2d000 	C:\WINDOWS\System32\shlwapi.dll
0x00007fff72510000 - 0x00007fff72531000 	C:\WINDOWS\SYSTEM32\profapi.dll
0x00007fff61110000 - 0x00007fff6112a000 	C:\Program Files\JetBrains\IntelliJ IDEA 2021.2.3\bin\breakgen64.dll
0x00007fff62510000 - 0x00007fff6252c000 	C:\Program Files\Java\jdk1.8.0_291\jre\bin\net.dll
0x00007fff71c00000 - 0x00007fff71c67000 	C:\WINDOWS\system32\mswsock.dll
0x00007fff71330000 - 0x00007fff71417000 	C:\WINDOWS\SYSTEM32\DNSAPI.dll
0x00007fff71300000 - 0x00007fff7132d000 	C:\WINDOWS\SYSTEM32\IPHLPAPI.DLL
0x00007fff74020000 - 0x00007fff74029000 	C:\WINDOWS\System32\NSI.dll
0x00007fff68490000 - 0x00007fff6849a000 	C:\Windows\System32\rasadhlp.dll
0x00007fff69df0000 - 0x00007fff69e71000 	C:\WINDOWS\System32\fwpuclnt.dll
0x00007fff619d0000 - 0x00007fff619dd000 	C:\Program Files\Java\jdk1.8.0_291\jre\bin\management.dll
0x00007fff61c20000 - 0x00007fff61c33000 	C:\Program Files\Java\jdk1.8.0_291\jre\bin\nio.dll
0x00007fff71e50000 - 0x00007fff71e68000 	C:\WINDOWS\SYSTEM32\CRYPTSP.dll
0x00007fff71730000 - 0x00007fff71765000 	C:\WINDOWS\system32\rsaenh.dll
0x00007fff71cf0000 - 0x00007fff71d19000 	C:\WINDOWS\SYSTEM32\USERENV.dll
0x00007fff71fc0000 - 0x00007fff71fe7000 	C:\WINDOWS\SYSTEM32\bcrypt.dll
0x00007fff72d80000 - 0x00007fff72dff000 	C:\WINDOWS\System32\bcryptprimitives.dll
0x00007fff71e40000 - 0x00007fff71e4c000 	C:\WINDOWS\SYSTEM32\CRYPTBASE.dll
0x00007fff6c040000 - 0x00007fff6c059000 	C:\WINDOWS\SYSTEM32\dhcpcsvc6.DLL
0x00007fff6ca00000 - 0x00007fff6ca1e000 	C:\WINDOWS\SYSTEM32\dhcpcsvc.DLL
0x00007fff5ce10000 - 0x00007fff5ce27000 	C:\WINDOWS\system32\napinsp.dll
0x00007fff5cdf0000 - 0x00007fff5ce0b000 	C:\WINDOWS\system32\pnrpnsp.dll
0x00007fff5cdd0000 - 0x00007fff5cde2000 	C:\WINDOWS\System32\winrnr.dll
0x00007fff622e0000 - 0x00007fff622f5000 	C:\WINDOWS\system32\wshbth.dll
0x00007fff5cdb0000 - 0x00007fff5cdcf000 	C:\WINDOWS\system32\nlansp_c.dll
0x00007fff5e770000 - 0x00007fff5e991000 	C:\WINDOWS\SYSTEM32\dbghelp.dll

VM Arguments:
jvm_args: -XX:TieredStopAtLevel=1 -Xverify:none -Dspring.output.ansi.enabled=always -javaagent:C:\Program Files\JetBrains\IntelliJ IDEA 2021.2.3\lib\idea_rt.jar=58192:C:\Program Files\JetBrains\IntelliJ IDEA 2021.2.3\bin -Dcom.sun.management.jmxremote -Dspring.jmx.enabled=true -Dspring.liveBeansView.mbeanDomain -Dspring.application.admin.enabled=true -Dfile.encoding=UTF-8 
java_command: com.arrisdev.blogspringbootproject.BlogSpringbootProjectApplication
java_class_path (initial): C:\Program Files\Java\jdk1.8.0_291\jre\lib\charsets.jar;C:\Program Files\Java\jdk1.8.0_291\jre\lib\deploy.jar;C:\Program Files\Java\jdk1.8.0_291\jre\lib\ext\access-bridge-64.jar;C:\Program Files\Java\jdk1.8.0_291\jre\lib\ext\cldrdata.jar;C:\Program Files\Java\jdk1.8.0_291\jre\lib\ext\dnsns.jar;C:\Program Files\Java\jdk1.8.0_291\jre\lib\ext\jaccess.jar;C:\Program Files\Java\jdk1.8.0_291\jre\lib\ext\jfxrt.jar;C:\Program Files\Java\jdk1.8.0_291\jre\lib\ext\localedata.jar;C:\Program Files\Java\jdk1.8.0_291\jre\lib\ext\nashorn.jar;C:\Program Files\Java\jdk1.8.0_291\jre\lib\ext\sunec.jar;C:\Program Files\Java\jdk1.8.0_291\jre\lib\ext\sunjce_provider.jar;C:\Program Files\Java\jdk1.8.0_291\jre\lib\ext\sunmscapi.jar;C:\Program Files\Java\jdk1.8.0_291\jre\lib\ext\sunpkcs11.jar;C:\Program Files\Java\jdk1.8.0_291\jre\lib\ext\zipfs.jar;C:\Program Files\Java\jdk1.8.0_291\jre\lib\javaws.jar;C:\Program Files\Java\jdk1.8.0_291\jre\lib\jce.jar;C:\Program Files\Java\jdk1.8.0_291\jre\lib\jfr.jar;C:\Program Files\Java\jdk1.8.0_291\jre\lib\jfxswt.jar;C:\Program Files\Java\jdk1.8.0_291\jre\lib\jsse.jar;C:\Program Files\Java\jdk1.8.0_291\jre\lib\management-agent.jar;C:\Program Files\Java\jdk1.8.0_291\jre\lib\plugin.jar;C:\Program Files\Java\jdk1.8.0_291\jre\lib\resources.jar;C:\Program Files\Java\jdk1.8.0_291\jre\lib\rt.jar;E:\self_learning\blog-springboot-project\target\classes;C:\Users\Arris\.m2\repository\org\springframework\boot\spring-boot-starter-data-jpa\2.6.0\spring-boot-starter-data-jpa-2.6.0.jar;C:\Users\Arris\.m2\repository\org\springframework\boot\spring-boot-starter-aop\2.6.0\spring-boot-starter-aop-2.6.0.jar;C:\Users\Arris\.m2\repository\org\aspectj\aspectjweaver\1.9.7\aspectjweaver-1.9.7.jar;C:\Users\Arris\.m2\repository\org\springframework\boot\spring-boot-starter-jdbc\2.6.0\spring-boot-starter-jdbc-2.6.0.jar;C:\Users\Arris\.m2\repository\com\zaxxer\HikariCP\4.0.3\HikariCP-4.0.3.jar;C:\Users\Arris\.m2\repository\org\springframework\spring-jdbc\5
Launcher Type: SUN_STANDARD

Environment Variables:
JAVA_HOME=C:\Program Files\Java\jdk1.8.0_291\jre
PATH=C:\Users\Arris\AppData\Local\Programs\Python\Python39\Scripts\;C:\Users\Arris\AppData\Local\Programs\Python\Python39\;C:\Program Files\Common Files\Oracle\Java\javapath;C:\Python39\Scripts\;C:\Python39\;C:\Program Files\AdoptOpenJDK\jdk-11.0.11.9-hotspot\bin;C:\Program Files (x86)\Common Files\Oracle\Java\javapath;C:\WINDOWS\system32;C:\WINDOWS;C:\WINDOWS\System32\Wbem;C:\WINDOWS\System32\WindowsPowerShell\v1.0\;C:\WINDOWS\System32\OpenSSH\;E:\Git\cmd;C:\Program Files\Java\jdk1.8.0_291\jre\bin;C:\Program Files\Git\cmd;C:\ProgramData\chocolatey\bin;C:\Program Files\dotnet\;C:\Program Files\Maven\apache-maven-3.8.1\bin;C:\Program Files\nodejs\;C:\Program Files\Docker\Docker\resources\bin;C:\ProgramData\DockerDesktop\version-bin;C:\Program Files\Amazon\AWSCLIV2\;C:\Program Files\MySQL\MySQL Shell 8.0\bin\;C:\Users\Arris\AppData\Local\Microsoft\WindowsApps;C:\Users\Arris\AppData\Roaming\npm;C:\Program Files\MongoDB\Server\5.0\bin;;C:\Program Files\JetBrains\IntelliJ IDEA 2021.2.3\bin;;C:\Users\Arris\AppData\Local\Programs\Microsoft VS Code\bin
USERNAME=Arris
OS=Windows_NT
PROCESSOR_IDENTIFIER=Intel64 Family 6 Model 58 Stepping 9, GenuineIntel



---------------  S Y S T E M  ---------------

OS: Windows 10.0 , 64 bit Build 22000 (10.0.22000.434)

CPU:total 4 (initial active 4) (2 cores per cpu, 2 threads per core) family 6 model 58 stepping 9, cmov, cx8, fxsr, mmx, sse, sse2, sse3, ssse3, sse4.1, sse4.2, popcnt, avx, aes, clmul, erms, ht, tsc, tscinvbit, tscinv

Memory: 4k page, physical 8079000k(474212k free), swap 22628584k(788k free)

vm_info: Java HotSpot(TM) 64-Bit Server VM (25.291-b10) for windows-amd64 JRE (1.8.0_291-b10), built on Apr  9 2021 00:02:00 by "java_re" with MS VC++ 15.9 (VS2017)

time: Sat Jun 11 22:21:28 2022
timezone: Eastern Daylight Time
elapsed time: 8.159691 seconds (0d 0h 0m 8s)

